2026-04-13 15:52:51 - INFO - model_selection - ℹ️ Logger initialized → output\logs\model_selection_2026-04-13_15-52-51.log
2026-04-13 15:52:51 - INFO - model_selection - ℹ️ Logs directory does not exist: logs
2026-04-13 15:52:51 - INFO - model_selection - ℹ️ ==== Model Selection Process Started ====
2026-04-13 15:52:51 - INFO - model_selection - ℹ️ Args: input=input | data_sheet=Data | config=Config.csv | vars=output\output_feature_selection | output_root=output | output=output\output_model_selection
2026-04-13 15:52:51 - INFO - model_selection - ℹ️ ================================================================================
2026-04-13 15:52:51 - INFO - model_selection - ℹ️ Running Model Selection for series: Sample Series
2026-04-13 15:52:51 - INFO - model_selection - ℹ️ Config → File=Master_Data_Input_File.xlsx | Target=Target | Date=Date | Model_Selection_Period=12 | Frequency=M
2026-04-13 15:52:52 - INFO - model_selection - ℹ️ Done 1 - Initial data shape including target and all variables: (308, 129)
2026-04-13 15:52:52 - INFO - model_selection - ℹ️ Done 2 - Trimmed data shape (trimmed): (116, 129)
2026-04-13 15:52:52 - INFO - model_selection - ℹ️ Done 3 - M-frequency continuity & target completeness check passed
2026-04-13 15:52:52 - INFO - model_selection - ℹ️ Done 4 - Number of Independent Variables Selected from Step 1 Output : 13
2026-04-13 15:52:52 - INFO - model_selection - ℹ️ Done 5 - Number of Independent Variables After Interpolation : 13
2026-04-13 15:52:52 - INFO - model_selection - ℹ️ Model Selection Output directory: output\output_model_selection (freq=M)
2026-04-13 15:52:53 - INFO - model_selection - ℹ️ Total variables for backtesting: 13
2026-04-13 15:52:53 - INFO - model_selection - ℹ️ --------------------------------------------------------------------------------
2026-04-13 15:52:53 - INFO - model_selection - ℹ️ # Independent Variable: Indep_V94
2026-04-13 15:52:53 - INFO - model_selection - ℹ️ # First valid index: 2013-01-01 00:00:00
2026-04-13 15:52:53 - INFO - model_selection - ℹ️ # Last valid index: 2025-07-01 00:00:00
2026-04-13 15:52:53 - INFO - model_selection - ℹ️ # Total observations (periods): 151
2026-04-13 15:52:53 - INFO - model_selection - ℹ️ [Indep_V94] Fold 1/2
2026-04-13 15:52:53 - INFO - model_selection - ℹ️ [Indep_V94] Train period:   2013-01-01 -> 2023-07-01
2026-04-13 15:52:53 - INFO - model_selection - ℹ️ [Indep_V94] Holdout period: 2023-08-01 -> 2024-07-01
2026-04-13 15:53:01 - INFO - model_selection - ℹ️ [Indep_V94] Fold 2/2
2026-04-13 15:53:01 - INFO - model_selection - ℹ️ [Indep_V94] Train period:   2013-01-01 -> 2024-07-01
2026-04-13 15:53:01 - INFO - model_selection - ℹ️ [Indep_V94] Holdout period: 2024-08-01 -> 2025-07-01
2026-04-13 15:53:07 - INFO - model_selection - ℹ️ --------------------------------------------------------------------------------
2026-04-13 15:53:07 - INFO - model_selection - ℹ️ # Independent Variable: Indep_V1
2026-04-13 15:53:07 - INFO - model_selection - ℹ️ # First valid index: 2016-02-01 00:00:00
2026-04-13 15:53:07 - INFO - model_selection - ℹ️ # Last valid index: 2025-07-01 00:00:00
2026-04-13 15:53:07 - INFO - model_selection - ℹ️ # Total observations (periods): 114
2026-04-13 15:53:07 - INFO - model_selection - ℹ️ [Indep_V1] Fold 1/2
2026-04-13 15:53:07 - INFO - model_selection - ℹ️ [Indep_V1] Train period:   2016-02-01 -> 2023-07-01
2026-04-13 15:53:07 - INFO - model_selection - ℹ️ [Indep_V1] Holdout period: 2023-08-01 -> 2024-07-01
2026-04-13 15:53:14 - INFO - model_selection - ℹ️ [Indep_V1] Fold 2/2
2026-04-13 15:53:14 - INFO - model_selection - ℹ️ [Indep_V1] Train period:   2016-02-01 -> 2024-07-01
2026-04-13 15:53:14 - INFO - model_selection - ℹ️ [Indep_V1] Holdout period: 2024-08-01 -> 2025-07-01
2026-04-13 15:53:19 - INFO - model_selection - ℹ️ --------------------------------------------------------------------------------
2026-04-13 15:53:19 - INFO - model_selection - ℹ️ # Independent Variable: Indep_V108
2026-04-13 15:53:19 - INFO - model_selection - ℹ️ # First valid index: 2000-01-01 00:00:00
2026-04-13 15:53:19 - INFO - model_selection - ℹ️ # Last valid index: 2025-06-01 00:00:00
2026-04-13 15:53:19 - INFO - model_selection - ℹ️ # Total observations (periods): 306
2026-04-13 15:53:19 - INFO - model_selection - ℹ️ [Indep_V108] Fold 1/2
2026-04-13 15:53:19 - INFO - model_selection - ℹ️ [Indep_V108] Train period:   2000-01-01 -> 2023-06-01
2026-04-13 15:53:19 - INFO - model_selection - ℹ️ [Indep_V108] Holdout period: 2023-07-01 -> 2024-06-01
2026-04-13 15:53:37 - INFO - model_selection - ℹ️ [Indep_V108] Fold 2/2
2026-04-13 15:53:37 - INFO - model_selection - ℹ️ [Indep_V108] Train period:   2000-01-01 -> 2024-06-01
2026-04-13 15:53:37 - INFO - model_selection - ℹ️ [Indep_V108] Holdout period: 2024-07-01 -> 2025-06-01
2026-04-13 15:53:47 - INFO - model_selection - ℹ️ --------------------------------------------------------------------------------
2026-04-13 15:53:47 - INFO - model_selection - ℹ️ # Independent Variable: Indep_V57
2026-04-13 15:53:47 - INFO - model_selection - ℹ️ # First valid index: 2016-02-01 00:00:00
2026-04-13 15:53:47 - INFO - model_selection - ℹ️ # Last valid index: 2025-07-01 00:00:00
2026-04-13 15:53:47 - INFO - model_selection - ℹ️ # Total observations (periods): 114
2026-04-13 15:53:47 - INFO - model_selection - ℹ️ [Indep_V57] Fold 1/2
2026-04-13 15:53:47 - INFO - model_selection - ℹ️ [Indep_V57] Train period:   2016-02-01 -> 2023-07-01
2026-04-13 15:53:47 - INFO - model_selection - ℹ️ [Indep_V57] Holdout period: 2023-08-01 -> 2024-07-01
2026-04-13 15:53:52 - INFO - model_selection - ℹ️ [Indep_V57] Fold 2/2
2026-04-13 15:53:52 - INFO - model_selection - ℹ️ [Indep_V57] Train period:   2016-02-01 -> 2024-07-01
2026-04-13 15:53:52 - INFO - model_selection - ℹ️ [Indep_V57] Holdout period: 2024-08-01 -> 2025-07-01
2026-04-13 15:53:55 - INFO - model_selection - ℹ️ --------------------------------------------------------------------------------
2026-04-13 15:53:55 - INFO - model_selection - ℹ️ # Independent Variable: Indep_V35
2026-04-13 15:53:55 - INFO - model_selection - ℹ️ # First valid index: 2016-02-01 00:00:00
2026-04-13 15:53:55 - INFO - model_selection - ℹ️ # Last valid index: 2025-07-01 00:00:00
2026-04-13 15:53:55 - INFO - model_selection - ℹ️ # Total observations (periods): 114
2026-04-13 15:53:55 - INFO - model_selection - ℹ️ [Indep_V35] Fold 1/2
2026-04-13 15:53:55 - INFO - model_selection - ℹ️ [Indep_V35] Train period:   2016-02-01 -> 2023-07-01
2026-04-13 15:53:55 - INFO - model_selection - ℹ️ [Indep_V35] Holdout period: 2023-08-01 -> 2024-07-01
2026-04-13 15:54:03 - INFO - model_selection - ℹ️ [Indep_V35] Fold 2/2
2026-04-13 15:54:03 - INFO - model_selection - ℹ️ [Indep_V35] Train period:   2016-02-01 -> 2024-07-01
2026-04-13 15:54:03 - INFO - model_selection - ℹ️ [Indep_V35] Holdout period: 2024-08-01 -> 2025-07-01
2026-04-13 15:54:11 - INFO - model_selection - ℹ️ --------------------------------------------------------------------------------
2026-04-13 15:54:11 - INFO - model_selection - ℹ️ # Independent Variable: Indep_V2
2026-04-13 15:54:11 - INFO - model_selection - ℹ️ # First valid index: 2012-05-01 00:00:00
2026-04-13 15:54:11 - INFO - model_selection - ℹ️ # Last valid index: 2025-07-01 00:00:00
2026-04-13 15:54:11 - INFO - model_selection - ℹ️ # Total observations (periods): 159
2026-04-13 15:54:11 - INFO - model_selection - ℹ️ [Indep_V2] Fold 1/2
2026-04-13 15:54:11 - INFO - model_selection - ℹ️ [Indep_V2] Train period:   2012-05-01 -> 2023-07-01
2026-04-13 15:54:11 - INFO - model_selection - ℹ️ [Indep_V2] Holdout period: 2023-08-01 -> 2024-07-01
2026-04-13 15:54:33 - INFO - model_selection - ℹ️ [Indep_V2] Fold 2/2
2026-04-13 15:54:33 - INFO - model_selection - ℹ️ [Indep_V2] Train period:   2012-05-01 -> 2024-07-01
2026-04-13 15:54:33 - INFO - model_selection - ℹ️ [Indep_V2] Holdout period: 2024-08-01 -> 2025-07-01
2026-04-13 15:55:01 - INFO - model_selection - ℹ️ --------------------------------------------------------------------------------
2026-04-13 15:55:01 - INFO - model_selection - ℹ️ # Independent Variable: Indep_V40
2026-04-13 15:55:01 - INFO - model_selection - ℹ️ # First valid index: 2016-02-01 00:00:00
2026-04-13 15:55:01 - INFO - model_selection - ℹ️ # Last valid index: 2025-07-01 00:00:00
2026-04-13 15:55:01 - INFO - model_selection - ℹ️ # Total observations (periods): 114
2026-04-13 15:55:01 - INFO - model_selection - ℹ️ [Indep_V40] Fold 1/2
2026-04-13 15:55:01 - INFO - model_selection - ℹ️ [Indep_V40] Train period:   2016-02-01 -> 2023-07-01
2026-04-13 15:55:01 - INFO - model_selection - ℹ️ [Indep_V40] Holdout period: 2023-08-01 -> 2024-07-01
2026-04-13 15:55:10 - INFO - model_selection - ℹ️ [Indep_V40] Fold 2/2
2026-04-13 15:55:10 - INFO - model_selection - ℹ️ [Indep_V40] Train period:   2016-02-01 -> 2024-07-01
2026-04-13 15:55:10 - INFO - model_selection - ℹ️ [Indep_V40] Holdout period: 2024-08-01 -> 2025-07-01
2026-04-13 15:55:26 - INFO - model_selection - ℹ️ --------------------------------------------------------------------------------
2026-04-13 15:55:26 - INFO - model_selection - ℹ️ # Independent Variable: Indep_V101
2026-04-13 15:55:26 - INFO - model_selection - ℹ️ # First valid index: 2008-11-01 00:00:00
2026-04-13 15:55:26 - INFO - model_selection - ℹ️ # Last valid index: 2025-07-01 00:00:00
2026-04-13 15:55:26 - INFO - model_selection - ℹ️ # Total observations (periods): 201
2026-04-13 15:55:26 - INFO - model_selection - ℹ️ [Indep_V101] Fold 1/2
2026-04-13 15:55:26 - INFO - model_selection - ℹ️ [Indep_V101] Train period:   2008-11-01 -> 2023-07-01
2026-04-13 15:55:26 - INFO - model_selection - ℹ️ [Indep_V101] Holdout period: 2023-08-01 -> 2024-07-01
2026-04-13 15:55:46 - INFO - model_selection - ℹ️ [Indep_V101] Fold 2/2
2026-04-13 15:55:46 - INFO - model_selection - ℹ️ [Indep_V101] Train period:   2008-11-01 -> 2024-07-01
2026-04-13 15:55:46 - INFO - model_selection - ℹ️ [Indep_V101] Holdout period: 2024-08-01 -> 2025-07-01
2026-04-13 15:56:08 - INFO - model_selection - ℹ️ --------------------------------------------------------------------------------
2026-04-13 15:56:08 - INFO - model_selection - ℹ️ # Independent Variable: Indep_V119
2026-04-13 15:56:08 - INFO - model_selection - ℹ️ # First valid index: 2008-11-01 00:00:00
2026-04-13 15:56:08 - INFO - model_selection - ℹ️ # Last valid index: 2025-07-01 00:00:00
2026-04-13 15:56:08 - INFO - model_selection - ℹ️ # Total observations (periods): 201
2026-04-13 15:56:08 - INFO - model_selection - ℹ️ [Indep_V119] Fold 1/2
2026-04-13 15:56:08 - INFO - model_selection - ℹ️ [Indep_V119] Train period:   2008-11-01 -> 2023-07-01
2026-04-13 15:56:08 - INFO - model_selection - ℹ️ [Indep_V119] Holdout period: 2023-08-01 -> 2024-07-01
2026-04-13 15:56:31 - INFO - model_selection - ℹ️ [Indep_V119] Fold 2/2
2026-04-13 15:56:31 - INFO - model_selection - ℹ️ [Indep_V119] Train period:   2008-11-01 -> 2024-07-01
2026-04-13 15:56:31 - INFO - model_selection - ℹ️ [Indep_V119] Holdout period: 2024-08-01 -> 2025-07-01
2026-04-13 15:57:02 - INFO - model_selection - ℹ️ --------------------------------------------------------------------------------
2026-04-13 15:57:02 - INFO - model_selection - ℹ️ # Independent Variable: Indep_V96
2026-04-13 15:57:02 - INFO - model_selection - ℹ️ # First valid index: 2000-01-01 00:00:00
2026-04-13 15:57:02 - INFO - model_selection - ℹ️ # Last valid index: 2025-07-01 00:00:00
2026-04-13 15:57:02 - INFO - model_selection - ℹ️ # Total observations (periods): 307
2026-04-13 15:57:02 - INFO - model_selection - ℹ️ [Indep_V96] Fold 1/2
2026-04-13 15:57:02 - INFO - model_selection - ℹ️ [Indep_V96] Train period:   2000-01-01 -> 2023-07-01
2026-04-13 15:57:02 - INFO - model_selection - ℹ️ [Indep_V96] Holdout period: 2023-08-01 -> 2024-07-01
2026-04-13 15:57:07 - INFO - model_selection - ℹ️ [Indep_V96] Fold 2/2
2026-04-13 15:57:07 - INFO - model_selection - ℹ️ [Indep_V96] Train period:   2000-01-01 -> 2024-07-01
2026-04-13 15:57:07 - INFO - model_selection - ℹ️ [Indep_V96] Holdout period: 2024-08-01 -> 2025-07-01
2026-04-13 15:57:12 - INFO - model_selection - ℹ️ --------------------------------------------------------------------------------
2026-04-13 15:57:12 - INFO - model_selection - ℹ️ # Independent Variable: Indep_V99
2026-04-13 15:57:12 - INFO - model_selection - ℹ️ # First valid index: 2006-01-01 00:00:00
2026-04-13 15:57:12 - INFO - model_selection - ℹ️ # Last valid index: 2025-07-01 00:00:00
2026-04-13 15:57:12 - INFO - model_selection - ℹ️ # Total observations (periods): 235
2026-04-13 15:57:12 - INFO - model_selection - ℹ️ [Indep_V99] Fold 1/2
2026-04-13 15:57:12 - INFO - model_selection - ℹ️ [Indep_V99] Train period:   2006-01-01 -> 2023-07-01
2026-04-13 15:57:12 - INFO - model_selection - ℹ️ [Indep_V99] Holdout period: 2023-08-01 -> 2024-07-01
2026-04-13 15:57:49 - INFO - model_selection - ℹ️ [Indep_V99] Fold 2/2
2026-04-13 15:57:49 - INFO - model_selection - ℹ️ [Indep_V99] Train period:   2006-01-01 -> 2024-07-01
2026-04-13 15:57:49 - INFO - model_selection - ℹ️ [Indep_V99] Holdout period: 2024-08-01 -> 2025-07-01
2026-04-13 15:58:27 - INFO - model_selection - ℹ️ --------------------------------------------------------------------------------
2026-04-13 15:58:27 - INFO - model_selection - ℹ️ # Independent Variable: Indep_V39
2026-04-13 15:58:27 - INFO - model_selection - ℹ️ # First valid index: 2016-02-01 00:00:00
2026-04-13 15:58:27 - INFO - model_selection - ℹ️ # Last valid index: 2025-07-01 00:00:00
2026-04-13 15:58:27 - INFO - model_selection - ℹ️ # Total observations (periods): 114
2026-04-13 15:58:27 - INFO - model_selection - ℹ️ [Indep_V39] Fold 1/2
2026-04-13 15:58:27 - INFO - model_selection - ℹ️ [Indep_V39] Train period:   2016-02-01 -> 2023-07-01
2026-04-13 15:58:27 - INFO - model_selection - ℹ️ [Indep_V39] Holdout period: 2023-08-01 -> 2024-07-01
2026-04-13 15:58:29 - INFO - model_selection - ℹ️ [Indep_V39] Fold 2/2
2026-04-13 15:58:29 - INFO - model_selection - ℹ️ [Indep_V39] Train period:   2016-02-01 -> 2024-07-01
2026-04-13 15:58:29 - INFO - model_selection - ℹ️ [Indep_V39] Holdout period: 2024-08-01 -> 2025-07-01
2026-04-13 15:58:32 - INFO - model_selection - ℹ️ --------------------------------------------------------------------------------
2026-04-13 15:58:32 - INFO - model_selection - ℹ️ # Independent Variable: Indep_V26
2026-04-13 15:58:32 - INFO - model_selection - ℹ️ # First valid index: 2016-02-01 00:00:00
2026-04-13 15:58:32 - INFO - model_selection - ℹ️ # Last valid index: 2025-07-01 00:00:00
2026-04-13 15:58:32 - INFO - model_selection - ℹ️ # Total observations (periods): 114
2026-04-13 15:58:32 - INFO - model_selection - ℹ️ [Indep_V26] Fold 1/2
2026-04-13 15:58:32 - INFO - model_selection - ℹ️ [Indep_V26] Train period:   2016-02-01 -> 2023-07-01
2026-04-13 15:58:32 - INFO - model_selection - ℹ️ [Indep_V26] Holdout period: 2023-08-01 -> 2024-07-01
2026-04-13 15:58:39 - INFO - model_selection - ℹ️ [Indep_V26] Fold 2/2
2026-04-13 15:58:39 - INFO - model_selection - ℹ️ [Indep_V26] Train period:   2016-02-01 -> 2024-07-01
2026-04-13 15:58:39 - INFO - model_selection - ℹ️ [Indep_V26] Holdout period: 2024-08-01 -> 2025-07-01
2026-04-13 15:58:47 - INFO - model_selection - ℹ️ [Sample Series] Exogenous ensemble weights saved to output\output_model_selection\Indep_Ensemble_Weights.csv
2026-04-13 15:58:47 - INFO - model_selection - ℹ️ [Sample Series] Date range: 2016-01-01 to 2025-08-01
2026-04-13 15:58:47 - INFO - model_selection - ℹ️ [Sample Series] Exogenous columns: ['Indep_V1', 'Indep_V2', 'Indep_V26', 'Indep_V35', 'Indep_V39', 'Indep_V40', 'Indep_V57', 'Indep_V94', 'Indep_V96', 'Indep_V99', 'Indep_V101', 'Indep_V108', 'Indep_V119']
2026-04-13 15:58:47 - INFO - model_selection - ℹ️ [Sample Series] Enabled target models → Multivariate: LGBM=True, ElasticNet=True, CatBoost=True, XGBoost=True, SARIMAX=True | Univariate-Stat: HoltWinters=True, Theta=True | Univariate-Neural: NHITS=True, NBEATS=True, TFT=True
2026-04-13 15:58:47 - INFO - model_selection - ℹ️ [Sample Series] Using 2 rolling holdout window(s), each of length 12 M-periods.
2026-04-13 15:58:47 - INFO - model_selection - ℹ️ --------------------------------------------------------------------------------
2026-04-13 15:58:47 - INFO - model_selection - ℹ️ [Sample Series] Fold 1/2
2026-04-13 15:58:47 - INFO - model_selection - ℹ️ [Sample Series] Train period:   2016-01-01 -> 2023-08-01
2026-04-13 15:58:47 - INFO - model_selection - ℹ️ [Sample Series] Holdout period: 2023-09-01 -> 2024-08-01
2026-04-13 15:58:47 - INFO - model_selection - ℹ️ [Sample Series][Fold 1] Forecasting holdout for independent variable: Indep_V1
2026-04-13 15:58:56 - INFO - model_selection - ℹ️ [Sample Series][Fold 1] Forecasting holdout for independent variable: Indep_V2
2026-04-13 15:59:16 - INFO - model_selection - ℹ️ [Sample Series][Fold 1] Forecasting holdout for independent variable: Indep_V26
2026-04-13 15:59:22 - INFO - model_selection - ℹ️ [Sample Series][Fold 1] Forecasting holdout for independent variable: Indep_V35
2026-04-13 15:59:39 - INFO - model_selection - ℹ️ [Sample Series][Fold 1] Forecasting holdout for independent variable: Indep_V39
2026-04-13 15:59:41 - INFO - model_selection - ℹ️ [Sample Series][Fold 1] Forecasting holdout for independent variable: Indep_V40
2026-04-13 15:59:57 - INFO - model_selection - ℹ️ [Sample Series][Fold 1] Forecasting holdout for independent variable: Indep_V57
2026-04-13 16:00:01 - INFO - model_selection - ℹ️ [Sample Series][Fold 1] Forecasting holdout for independent variable: Indep_V94
2026-04-13 16:00:11 - INFO - model_selection - ℹ️ [Sample Series][Fold 1] Forecasting holdout for independent variable: Indep_V96
2026-04-13 16:00:26 - INFO - model_selection - ℹ️ [Sample Series][Fold 1] Forecasting holdout for independent variable: Indep_V99
2026-04-13 16:00:37 - INFO - model_selection - ℹ️ [Sample Series][Fold 1] Forecasting holdout for independent variable: Indep_V101
2026-04-13 16:00:42 - INFO - model_selection - ℹ️ [Sample Series][Fold 1] Forecasting holdout for independent variable: Indep_V108
2026-04-13 16:00:48 - INFO - model_selection - ℹ️ [Sample Series][Fold 1] Forecasting holdout for independent variable: Indep_V119
2026-04-13 16:01:03 - INFO - model_selection - ℹ️ [Sample Series][Fold 1] Exogenous holdout forecasts prepared.
2026-04-13 16:01:03 - INFO - model_selection - ℹ️ [Sample Series][Fold 1] Target training samples: 80, features: 33
2026-04-13 16:01:03 - INFO - model_selection - ℹ️ [Sample Series][Fold 1] Training LGBM model (log-target)...
2026-04-13 16:01:04 - INFO - model_selection - ℹ️ [Sample Series][Fold 1] LGBM HOLDOUT -> MAE: 8.2904, RMSE: 9.7010, MAPE: 0.1010 (10.10%)
2026-04-13 16:01:04 - INFO - model_selection - ℹ️ [Sample Series][Fold 1] Training ElasticNet model (log-target)...
2026-04-13 16:01:06 - INFO - model_selection - ℹ️ [Sample Series][Fold 1] ElasticNet HOLDOUT -> MAE: 5.3092, RMSE: 6.5640, MAPE: 0.0617 (6.17%)
2026-04-13 16:01:06 - INFO - model_selection - ℹ️ [Sample Series][Fold 1] Training CatBoostRegressor (log-target)...
2026-04-13 16:01:37 - INFO - model_selection - ℹ️ [Sample Series][Fold 1] CatBoost HOLDOUT -> MAE: 4.4462, RMSE: 5.6802, MAPE: 0.0508 (5.08%)
2026-04-13 16:01:37 - INFO - model_selection - ℹ️ [Sample Series][Fold 1] Training XGBRegressor (log-target)...
2026-04-13 16:01:49 - INFO - model_selection - ℹ️ [Sample Series][Fold 1] XGBoost HOLDOUT -> MAE: 6.1990, RMSE: 7.3708, MAPE: 0.0746 (7.46%)
2026-04-13 16:01:49 - INFO - model_selection - ℹ️ [Sample Series][Fold 1] Training SARIMAX model (log-target, with independent variables)...
2026-04-13 16:01:56 - INFO - model_selection - ℹ️ [Sample Series][Fold 1] SARIMAX HOLDOUT -> MAE: 6.2284, RMSE: 6.7540, MAPE: 0.0749 (7.49%)
2026-04-13 16:01:56 - INFO - model_selection - ℹ️ [Sample Series][Fold 1] Training Holt-Winters (ExponentialSmoothing) on target_log...
2026-04-13 16:01:56 - INFO - model_selection - ℹ️ [Sample Series][Fold 1] Holt-Winters HOLDOUT -> MAE: 10.1475, RMSE: 11.6488, MAPE: 0.1229 (12.29%)
2026-04-13 16:01:56 - INFO - model_selection - ℹ️ [Sample Series][Fold 1] Training Theta model on target_log...
2026-04-13 16:01:56 - INFO - model_selection - ℹ️ [Sample Series][Fold 1] Theta HOLDOUT -> MAE: 5.8186, RMSE: 6.3147, MAPE: 0.0700 (7.00%)
2026-04-13 16:01:56 - INFO - model_selection - ℹ️ [Sample Series][Fold 1] Training NHITS model (log-target, univariate)...
2026-04-13 16:04:10 - INFO - model_selection - ℹ️ [Sample Series][Fold 1] NHITS HOLDOUT -> MAE: 21.5487, RMSE: 24.3618, MAPE: 0.2563 (25.63%)
2026-04-13 16:04:10 - INFO - model_selection - ℹ️ [Sample Series][Fold 1] Training NBEATS model (log-target, univariate)...
2026-04-13 16:05:13 - INFO - model_selection - ℹ️ [Sample Series][Fold 1] NBEATS HOLDOUT -> MAE: 26.6949, RMSE: 31.3716, MAPE: 0.3188 (31.88%)
2026-04-13 16:05:13 - INFO - model_selection - ℹ️ [Sample Series][Fold 1] Training TFT model (log-target, univariate)...
2026-04-13 16:08:34 - INFO - model_selection - ℹ️ [Sample Series][Fold 1] TFT HOLDOUT -> MAE: 3.7953, RMSE: 4.5810, MAPE: 0.0444 (4.44%)
2026-04-13 16:08:34 - INFO - model_selection - ℹ️ --------------------------------------------------------------------------------
2026-04-13 16:08:34 - INFO - model_selection - ℹ️ [Sample Series] Fold 2/2
2026-04-13 16:08:34 - INFO - model_selection - ℹ️ [Sample Series] Train period:   2016-01-01 -> 2024-08-01
2026-04-13 16:08:34 - INFO - model_selection - ℹ️ [Sample Series] Holdout period: 2024-09-01 -> 2025-08-01
2026-04-13 16:08:34 - INFO - model_selection - ℹ️ [Sample Series][Fold 2] Forecasting holdout for independent variable: Indep_V1
2026-04-13 16:08:37 - INFO - model_selection - ℹ️ [Sample Series][Fold 2] Forecasting holdout for independent variable: Indep_V2
2026-04-13 16:08:44 - INFO - model_selection - ℹ️ [Sample Series][Fold 2] Forecasting holdout for independent variable: Indep_V26
2026-04-13 16:08:52 - INFO - model_selection - ℹ️ [Sample Series][Fold 2] Forecasting holdout for independent variable: Indep_V35
2026-04-13 16:09:11 - INFO - model_selection - ℹ️ [Sample Series][Fold 2] Forecasting holdout for independent variable: Indep_V39
2026-04-13 16:09:13 - INFO - model_selection - ℹ️ [Sample Series][Fold 2] Forecasting holdout for independent variable: Indep_V40
2026-04-13 16:09:31 - INFO - model_selection - ℹ️ [Sample Series][Fold 2] Forecasting holdout for independent variable: Indep_V57
2026-04-13 16:09:35 - INFO - model_selection - ℹ️ [Sample Series][Fold 2] Forecasting holdout for independent variable: Indep_V94
2026-04-13 16:09:43 - INFO - model_selection - ℹ️ [Sample Series][Fold 2] Forecasting holdout for independent variable: Indep_V96
2026-04-13 16:09:49 - INFO - model_selection - ℹ️ [Sample Series][Fold 2] Forecasting holdout for independent variable: Indep_V99
2026-04-13 16:10:21 - INFO - model_selection - ℹ️ [Sample Series][Fold 2] Forecasting holdout for independent variable: Indep_V101
2026-04-13 16:10:27 - INFO - model_selection - ℹ️ [Sample Series][Fold 2] Forecasting holdout for independent variable: Indep_V108
2026-04-13 16:10:32 - INFO - model_selection - ℹ️ [Sample Series][Fold 2] Forecasting holdout for independent variable: Indep_V119
2026-04-13 16:11:11 - INFO - model_selection - ℹ️ [Sample Series][Fold 2] Exogenous holdout forecasts prepared.
2026-04-13 16:11:11 - INFO - model_selection - ℹ️ [Sample Series][Fold 2] Target training samples: 92, features: 33
2026-04-13 16:11:11 - INFO - model_selection - ℹ️ [Sample Series][Fold 2] Training LGBM model (log-target)...
2026-04-13 16:11:11 - INFO - model_selection - ℹ️ [Sample Series][Fold 2] LGBM HOLDOUT -> MAE: 9.1818, RMSE: 10.6279, MAPE: 0.1310 (13.10%)
2026-04-13 16:11:11 - INFO - model_selection - ℹ️ [Sample Series][Fold 2] Training ElasticNet model (log-target)...
2026-04-13 16:11:12 - INFO - model_selection - ℹ️ [Sample Series][Fold 2] ElasticNet HOLDOUT -> MAE: 4.9483, RMSE: 6.2530, MAPE: 0.0711 (7.11%)
2026-04-13 16:11:12 - INFO - model_selection - ℹ️ [Sample Series][Fold 2] Training CatBoostRegressor (log-target)...
2026-04-13 16:11:14 - INFO - model_selection - ℹ️ [Sample Series][Fold 2] CatBoost HOLDOUT -> MAE: 10.4989, RMSE: 11.2839, MAPE: 0.1484 (14.84%)
2026-04-13 16:11:14 - INFO - model_selection - ℹ️ [Sample Series][Fold 2] Training XGBRegressor (log-target)...
2026-04-13 16:11:15 - INFO - model_selection - ℹ️ [Sample Series][Fold 2] XGBoost HOLDOUT -> MAE: 9.4240, RMSE: 10.2185, MAPE: 0.1334 (13.34%)
2026-04-13 16:11:15 - INFO - model_selection - ℹ️ [Sample Series][Fold 2] Training SARIMAX model (log-target, with independent variables)...
2026-04-13 16:11:16 - INFO - model_selection - ℹ️ [Sample Series][Fold 2] SARIMAX HOLDOUT -> MAE: 11.5242, RMSE: 12.2134, MAPE: 0.1626 (16.26%)
2026-04-13 16:11:16 - INFO - model_selection - ℹ️ [Sample Series][Fold 2] Training Holt-Winters (ExponentialSmoothing) on target_log...
2026-04-13 16:11:16 - INFO - model_selection - ℹ️ [Sample Series][Fold 2] Holt-Winters HOLDOUT -> MAE: 13.2734, RMSE: 14.6644, MAPE: 0.1879 (18.79%)
2026-04-13 16:11:16 - INFO - model_selection - ℹ️ [Sample Series][Fold 2] Training Theta model on target_log...
2026-04-13 16:11:16 - INFO - model_selection - ℹ️ [Sample Series][Fold 2] Theta HOLDOUT -> MAE: 9.5926, RMSE: 10.6598, MAPE: 0.1364 (13.64%)
2026-04-13 16:11:16 - INFO - model_selection - ℹ️ [Sample Series][Fold 2] Training NHITS model (log-target, univariate)...
2026-04-13 16:12:18 - INFO - model_selection - ℹ️ [Sample Series][Fold 2] NHITS HOLDOUT -> MAE: 8.6016, RMSE: 9.2960, MAPE: 0.1213 (12.13%)
2026-04-13 16:12:18 - INFO - model_selection - ℹ️ [Sample Series][Fold 2] Training NBEATS model (log-target, univariate)...
2026-04-13 16:13:17 - INFO - model_selection - ℹ️ [Sample Series][Fold 2] NBEATS HOLDOUT -> MAE: 7.3295, RMSE: 8.8292, MAPE: 0.1016 (10.16%)
2026-04-13 16:13:17 - INFO - model_selection - ℹ️ [Sample Series][Fold 2] Training TFT model (log-target, univariate)...
2026-04-13 16:16:25 - INFO - model_selection - ℹ️ [Sample Series][Fold 2] TFT HOLDOUT -> MAE: 10.0379, RMSE: 10.7972, MAPE: 0.1421 (14.21%)
2026-04-13 16:16:25 - INFO - model_selection - ℹ️ [Sample Series] Per-fold holdout metrics saved to output\output_model_selection\Dep_Per_Fold_Holdout_Metrics.csv
2026-04-13 16:16:25 - INFO - model_selection - ℹ️ [Sample Series] Exogenous HOLDOUT forecasts (latest fold) saved to output\output_model_selection\Indep_Holdout_Forecast.csv
2026-04-13 16:16:26 - INFO - model_selection - ℹ️ [Sample Series] Top-2 models by FQS over 2 fold(s) (best first): ['elasticnet', 'theta']
2026-04-13 16:16:26 - INFO - model_selection - ℹ️ [Sample Series] Selected top-2 models (aggregated over folds) and ensemble weights saved to output\output_model_selection\Dep_Selected_Models.csv
2026-04-13 16:16:26 - INFO - model_selection - ℹ️ [Sample Series] Holdout Validation (12 M-periods per fold, 2 fold(s))
------------------------------------------------------------
Models using independent variables (multivariate):
  [EXOG] elasticnet -> MEAN over 2 fold(s): MAE: 5.1287, RMSE: 6.4085, MAPE: 0.0664 (6.64%), DA: 0.6250, WBA: 0.7500, FQS: 0.7657
  [EXOG]    xgboost -> MEAN over 2 fold(s): MAE: 7.8115, RMSE: 8.7946, MAPE: 0.1040 (10.40%), DA: 0.5417, WBA: 0.5000, FQS: 0.6119
  [EXOG]   catboost -> MEAN over 2 fold(s): MAE: 7.4725, RMSE: 8.4820, MAPE: 0.0996 (9.96%), DA: 0.4167, WBA: 0.5417, FQS: 0.6024
  [EXOG]       lgbm -> MEAN over 2 fold(s): MAE: 8.7361, RMSE: 10.1644, MAPE: 0.1160 (11.60%), DA: 0.5000, WBA: 0.4583, FQS: 0.5782
  [EXOG]    sarimax -> MEAN over 2 fold(s): MAE: 8.8763, RMSE: 9.4837, MAPE: 0.1187 (11.87%), DA: 0.5000, WBA: 0.4167, FQS: 0.5568

Univariate models (target-only, no independent variables used):
  [UNI ]      theta -> MEAN over 2 fold(s): MAE: 7.7056, RMSE: 8.4872, MAPE: 0.1032 (10.32%), DA: 0.5417, WBA: 0.6250, FQS: 0.6745
  [UNI ]        tft -> MEAN over 2 fold(s): MAE: 6.9166, RMSE: 7.6891, MAPE: 0.0932 (9.32%), DA: 0.5000, WBA: 0.5833, FQS: 0.6453
  [UNI ]     nbeats -> MEAN over 2 fold(s): MAE: 17.0122, RMSE: 20.1004, MAPE: 0.2102 (21.02%), DA: 0.6250, WBA: 0.3333, FQS: 0.5295
  [UNI ] holtwinters -> MEAN over 2 fold(s): MAE: 11.7104, RMSE: 13.1566, MAPE: 0.1554 (15.54%), DA: 0.5000, WBA: 0.3333, FQS: 0.5080
  [UNI ]      nhits -> MEAN over 2 fold(s): MAE: 15.0752, RMSE: 16.8289, MAPE: 0.1888 (18.88%), DA: 0.3750, WBA: 0.3750, FQS: 0.4915

Ensemble (top-2: elasticnet, theta) -> Latest-fold MAE: 6.9738, RMSE: 8.1952, MAPE: 0.0998 (9.98%)

Naive last-value (latest fold) MAPE : 0.1111  (or 11.11%)
Naive seasonal (t-12, latest fold) MAPE : 0.1689  (or 16.89%)

Holdout Mean Target (price, latest fold): 72.4342
2026-04-13 16:16:26 - INFO - model_selection - ℹ️ [Sample Series] Metrics saved to output\output_model_selection\Dep_Holdout_Metrics.txt
2026-04-13 16:16:26 - INFO - model_selection - ℹ️ [Sample Series] Holdout results CSV (latest fold) saved to output\output_model_selection\Dep_Holdout_Forecast.csv
2026-04-13 16:16:45 - INFO - model_selection - ℹ️ [Sample Series] Holdout plot (latest fold) saved to output\output_model_selection\Dep_Holdout_Plot.png
2026-04-13 16:16:45 - INFO - model_selection - ℹ️ Deleted training logs folder completely: catboost_info
2026-04-13 16:16:46 - INFO - model_selection - ℹ️ Deleted training logs folder completely: lightning_logs
2026-04-13 16:16:46 - INFO - model_selection - ℹ️ ===== Model Selection Completed in 1434.76 sec (success=1) =====
