2026-04-16 17:33:07 - INFO - model_selection - ℹ️ Logger initialized → output\logs\model_selection_2026-04-16_17-33-07.log
2026-04-16 17:33:07 - INFO - model_selection - ℹ️ Logs directory does not exist: logs
2026-04-16 17:33:07 - INFO - model_selection - ℹ️ ==== Model Selection Process Started ====
2026-04-16 17:33:07 - INFO - model_selection - ℹ️ Args: input=input | data_sheet=Data | config=Config.csv | vars=output\output_feature_selection | output_root=output | output=output\output_model_selection
2026-04-16 17:33:07 - INFO - model_selection - ℹ️ ================================================================================
2026-04-16 17:33:07 - INFO - model_selection - ℹ️ Running Model Selection for series: Sample Series
2026-04-16 17:33:07 - INFO - model_selection - ℹ️ Config → File=Master_Data_Input_File.xlsx | Target=Target | Date=Date | Model_Selection_Period=12 | Frequency=M
2026-04-16 17:33:08 - INFO - model_selection - ℹ️ Done 1 - Initial data shape including target and all variables: (308, 129)
2026-04-16 17:33:08 - INFO - model_selection - ℹ️ Done 2 - Trimmed data shape (trimmed): (116, 129)
2026-04-16 17:33:08 - INFO - model_selection - ℹ️ Done 3 - M-frequency continuity & target completeness check passed
2026-04-16 17:33:08 - INFO - model_selection - ℹ️ Done 4 - Number of Independent Variables Selected from Step 1 Output : 13
2026-04-16 17:33:08 - INFO - model_selection - ℹ️ Done 5 - Number of Independent Variables After Interpolation : 13
2026-04-16 17:33:08 - INFO - model_selection - ℹ️ Model Selection Output directory: output\output_model_selection (freq=M)
2026-04-16 17:33:08 - INFO - model_selection - ℹ️ Total variables for backtesting: 13
2026-04-16 17:33:08 - INFO - model_selection - ℹ️ --------------------------------------------------------------------------------
2026-04-16 17:33:08 - INFO - model_selection - ℹ️ # Independent Variable: Indep_V94
2026-04-16 17:33:08 - INFO - model_selection - ℹ️ # First valid index: 2013-01-01 00:00:00
2026-04-16 17:33:08 - INFO - model_selection - ℹ️ # Last valid index: 2025-07-01 00:00:00
2026-04-16 17:33:08 - INFO - model_selection - ℹ️ # Total observations (periods): 151
2026-04-16 17:33:08 - INFO - model_selection - ℹ️ [Indep_V94] Fold 1/2
2026-04-16 17:33:08 - INFO - model_selection - ℹ️ [Indep_V94] Train period:   2013-01-01 -> 2023-07-01
2026-04-16 17:33:08 - INFO - model_selection - ℹ️ [Indep_V94] Holdout period: 2023-08-01 -> 2024-07-01
2026-04-16 17:33:13 - INFO - model_selection - ℹ️ [Indep_V94] Fold 2/2
2026-04-16 17:33:13 - INFO - model_selection - ℹ️ [Indep_V94] Train period:   2013-01-01 -> 2024-07-01
2026-04-16 17:33:13 - INFO - model_selection - ℹ️ [Indep_V94] Holdout period: 2024-08-01 -> 2025-07-01
2026-04-16 17:33:18 - INFO - model_selection - ℹ️ --------------------------------------------------------------------------------
2026-04-16 17:33:18 - INFO - model_selection - ℹ️ # Independent Variable: Indep_V1
2026-04-16 17:33:18 - INFO - model_selection - ℹ️ # First valid index: 2016-02-01 00:00:00
2026-04-16 17:33:18 - INFO - model_selection - ℹ️ # Last valid index: 2025-07-01 00:00:00
2026-04-16 17:33:18 - INFO - model_selection - ℹ️ # Total observations (periods): 114
2026-04-16 17:33:18 - INFO - model_selection - ℹ️ [Indep_V1] Fold 1/2
2026-04-16 17:33:18 - INFO - model_selection - ℹ️ [Indep_V1] Train period:   2016-02-01 -> 2023-07-01
2026-04-16 17:33:18 - INFO - model_selection - ℹ️ [Indep_V1] Holdout period: 2023-08-01 -> 2024-07-01
2026-04-16 17:33:23 - INFO - model_selection - ℹ️ [Indep_V1] Fold 2/2
2026-04-16 17:33:23 - INFO - model_selection - ℹ️ [Indep_V1] Train period:   2016-02-01 -> 2024-07-01
2026-04-16 17:33:23 - INFO - model_selection - ℹ️ [Indep_V1] Holdout period: 2024-08-01 -> 2025-07-01
2026-04-16 17:33:26 - INFO - model_selection - ℹ️ --------------------------------------------------------------------------------
2026-04-16 17:33:26 - INFO - model_selection - ℹ️ # Independent Variable: Indep_V108
2026-04-16 17:33:26 - INFO - model_selection - ℹ️ # First valid index: 2000-01-01 00:00:00
2026-04-16 17:33:26 - INFO - model_selection - ℹ️ # Last valid index: 2025-06-01 00:00:00
2026-04-16 17:33:26 - INFO - model_selection - ℹ️ # Total observations (periods): 306
2026-04-16 17:33:26 - INFO - model_selection - ℹ️ [Indep_V108] Fold 1/2
2026-04-16 17:33:26 - INFO - model_selection - ℹ️ [Indep_V108] Train period:   2000-01-01 -> 2023-06-01
2026-04-16 17:33:26 - INFO - model_selection - ℹ️ [Indep_V108] Holdout period: 2023-07-01 -> 2024-06-01
2026-04-16 17:33:37 - INFO - model_selection - ℹ️ [Indep_V108] Fold 2/2
2026-04-16 17:33:37 - INFO - model_selection - ℹ️ [Indep_V108] Train period:   2000-01-01 -> 2024-06-01
2026-04-16 17:33:37 - INFO - model_selection - ℹ️ [Indep_V108] Holdout period: 2024-07-01 -> 2025-06-01
2026-04-16 17:33:43 - INFO - model_selection - ℹ️ --------------------------------------------------------------------------------
2026-04-16 17:33:43 - INFO - model_selection - ℹ️ # Independent Variable: Indep_V57
2026-04-16 17:33:43 - INFO - model_selection - ℹ️ # First valid index: 2016-02-01 00:00:00
2026-04-16 17:33:43 - INFO - model_selection - ℹ️ # Last valid index: 2025-07-01 00:00:00
2026-04-16 17:33:43 - INFO - model_selection - ℹ️ # Total observations (periods): 114
2026-04-16 17:33:43 - INFO - model_selection - ℹ️ [Indep_V57] Fold 1/2
2026-04-16 17:33:43 - INFO - model_selection - ℹ️ [Indep_V57] Train period:   2016-02-01 -> 2023-07-01
2026-04-16 17:33:43 - INFO - model_selection - ℹ️ [Indep_V57] Holdout period: 2023-08-01 -> 2024-07-01
2026-04-16 17:33:45 - INFO - model_selection - ℹ️ [Indep_V57] Fold 2/2
2026-04-16 17:33:45 - INFO - model_selection - ℹ️ [Indep_V57] Train period:   2016-02-01 -> 2024-07-01
2026-04-16 17:33:45 - INFO - model_selection - ℹ️ [Indep_V57] Holdout period: 2024-08-01 -> 2025-07-01
2026-04-16 17:33:47 - INFO - model_selection - ℹ️ --------------------------------------------------------------------------------
2026-04-16 17:33:47 - INFO - model_selection - ℹ️ # Independent Variable: Indep_V35
2026-04-16 17:33:47 - INFO - model_selection - ℹ️ # First valid index: 2016-02-01 00:00:00
2026-04-16 17:33:47 - INFO - model_selection - ℹ️ # Last valid index: 2025-07-01 00:00:00
2026-04-16 17:33:47 - INFO - model_selection - ℹ️ # Total observations (periods): 114
2026-04-16 17:33:47 - INFO - model_selection - ℹ️ [Indep_V35] Fold 1/2
2026-04-16 17:33:47 - INFO - model_selection - ℹ️ [Indep_V35] Train period:   2016-02-01 -> 2023-07-01
2026-04-16 17:33:47 - INFO - model_selection - ℹ️ [Indep_V35] Holdout period: 2023-08-01 -> 2024-07-01
2026-04-16 17:33:52 - INFO - model_selection - ℹ️ [Indep_V35] Fold 2/2
2026-04-16 17:33:52 - INFO - model_selection - ℹ️ [Indep_V35] Train period:   2016-02-01 -> 2024-07-01
2026-04-16 17:33:52 - INFO - model_selection - ℹ️ [Indep_V35] Holdout period: 2024-08-01 -> 2025-07-01
2026-04-16 17:33:56 - INFO - model_selection - ℹ️ --------------------------------------------------------------------------------
2026-04-16 17:33:56 - INFO - model_selection - ℹ️ # Independent Variable: Indep_V2
2026-04-16 17:33:56 - INFO - model_selection - ℹ️ # First valid index: 2012-05-01 00:00:00
2026-04-16 17:33:56 - INFO - model_selection - ℹ️ # Last valid index: 2025-07-01 00:00:00
2026-04-16 17:33:56 - INFO - model_selection - ℹ️ # Total observations (periods): 159
2026-04-16 17:33:56 - INFO - model_selection - ℹ️ [Indep_V2] Fold 1/2
2026-04-16 17:33:56 - INFO - model_selection - ℹ️ [Indep_V2] Train period:   2012-05-01 -> 2023-07-01
2026-04-16 17:33:56 - INFO - model_selection - ℹ️ [Indep_V2] Holdout period: 2023-08-01 -> 2024-07-01
2026-04-16 17:34:10 - INFO - model_selection - ℹ️ [Indep_V2] Fold 2/2
2026-04-16 17:34:10 - INFO - model_selection - ℹ️ [Indep_V2] Train period:   2012-05-01 -> 2024-07-01
2026-04-16 17:34:10 - INFO - model_selection - ℹ️ [Indep_V2] Holdout period: 2024-08-01 -> 2025-07-01
2026-04-16 17:34:27 - INFO - model_selection - ℹ️ --------------------------------------------------------------------------------
2026-04-16 17:34:27 - INFO - model_selection - ℹ️ # Independent Variable: Indep_V40
2026-04-16 17:34:27 - INFO - model_selection - ℹ️ # First valid index: 2016-02-01 00:00:00
2026-04-16 17:34:27 - INFO - model_selection - ℹ️ # Last valid index: 2025-07-01 00:00:00
2026-04-16 17:34:27 - INFO - model_selection - ℹ️ # Total observations (periods): 114
2026-04-16 17:34:27 - INFO - model_selection - ℹ️ [Indep_V40] Fold 1/2
2026-04-16 17:34:27 - INFO - model_selection - ℹ️ [Indep_V40] Train period:   2016-02-01 -> 2023-07-01
2026-04-16 17:34:27 - INFO - model_selection - ℹ️ [Indep_V40] Holdout period: 2023-08-01 -> 2024-07-01
2026-04-16 17:34:33 - INFO - model_selection - ℹ️ [Indep_V40] Fold 2/2
2026-04-16 17:34:33 - INFO - model_selection - ℹ️ [Indep_V40] Train period:   2016-02-01 -> 2024-07-01
2026-04-16 17:34:33 - INFO - model_selection - ℹ️ [Indep_V40] Holdout period: 2024-08-01 -> 2025-07-01
2026-04-16 17:34:44 - INFO - model_selection - ℹ️ --------------------------------------------------------------------------------
2026-04-16 17:34:44 - INFO - model_selection - ℹ️ # Independent Variable: Indep_V101
2026-04-16 17:34:44 - INFO - model_selection - ℹ️ # First valid index: 2008-11-01 00:00:00
2026-04-16 17:34:44 - INFO - model_selection - ℹ️ # Last valid index: 2025-07-01 00:00:00
2026-04-16 17:34:44 - INFO - model_selection - ℹ️ # Total observations (periods): 201
2026-04-16 17:34:44 - INFO - model_selection - ℹ️ [Indep_V101] Fold 1/2
2026-04-16 17:34:44 - INFO - model_selection - ℹ️ [Indep_V101] Train period:   2008-11-01 -> 2023-07-01
2026-04-16 17:34:44 - INFO - model_selection - ℹ️ [Indep_V101] Holdout period: 2023-08-01 -> 2024-07-01
2026-04-16 17:34:53 - INFO - model_selection - ℹ️ [Indep_V101] Fold 2/2
2026-04-16 17:34:53 - INFO - model_selection - ℹ️ [Indep_V101] Train period:   2008-11-01 -> 2024-07-01
2026-04-16 17:34:53 - INFO - model_selection - ℹ️ [Indep_V101] Holdout period: 2024-08-01 -> 2025-07-01
2026-04-16 17:35:05 - INFO - model_selection - ℹ️ --------------------------------------------------------------------------------
2026-04-16 17:35:05 - INFO - model_selection - ℹ️ # Independent Variable: Indep_V119
2026-04-16 17:35:05 - INFO - model_selection - ℹ️ # First valid index: 2008-11-01 00:00:00
2026-04-16 17:35:05 - INFO - model_selection - ℹ️ # Last valid index: 2025-07-01 00:00:00
2026-04-16 17:35:05 - INFO - model_selection - ℹ️ # Total observations (periods): 201
2026-04-16 17:35:05 - INFO - model_selection - ℹ️ [Indep_V119] Fold 1/2
2026-04-16 17:35:05 - INFO - model_selection - ℹ️ [Indep_V119] Train period:   2008-11-01 -> 2023-07-01
2026-04-16 17:35:05 - INFO - model_selection - ℹ️ [Indep_V119] Holdout period: 2023-08-01 -> 2024-07-01
2026-04-16 17:35:18 - INFO - model_selection - ℹ️ [Indep_V119] Fold 2/2
2026-04-16 17:35:18 - INFO - model_selection - ℹ️ [Indep_V119] Train period:   2008-11-01 -> 2024-07-01
2026-04-16 17:35:18 - INFO - model_selection - ℹ️ [Indep_V119] Holdout period: 2024-08-01 -> 2025-07-01
2026-04-16 17:35:32 - INFO - model_selection - ℹ️ --------------------------------------------------------------------------------
2026-04-16 17:35:32 - INFO - model_selection - ℹ️ # Independent Variable: Indep_V96
2026-04-16 17:35:32 - INFO - model_selection - ℹ️ # First valid index: 2000-01-01 00:00:00
2026-04-16 17:35:32 - INFO - model_selection - ℹ️ # Last valid index: 2025-07-01 00:00:00
2026-04-16 17:35:32 - INFO - model_selection - ℹ️ # Total observations (periods): 307
2026-04-16 17:35:32 - INFO - model_selection - ℹ️ [Indep_V96] Fold 1/2
2026-04-16 17:35:32 - INFO - model_selection - ℹ️ [Indep_V96] Train period:   2000-01-01 -> 2023-07-01
2026-04-16 17:35:32 - INFO - model_selection - ℹ️ [Indep_V96] Holdout period: 2023-08-01 -> 2024-07-01
2026-04-16 17:35:35 - INFO - model_selection - ℹ️ [Indep_V96] Fold 2/2
2026-04-16 17:35:35 - INFO - model_selection - ℹ️ [Indep_V96] Train period:   2000-01-01 -> 2024-07-01
2026-04-16 17:35:35 - INFO - model_selection - ℹ️ [Indep_V96] Holdout period: 2024-08-01 -> 2025-07-01
2026-04-16 17:35:38 - INFO - model_selection - ℹ️ --------------------------------------------------------------------------------
2026-04-16 17:35:38 - INFO - model_selection - ℹ️ # Independent Variable: Indep_V99
2026-04-16 17:35:38 - INFO - model_selection - ℹ️ # First valid index: 2006-01-01 00:00:00
2026-04-16 17:35:38 - INFO - model_selection - ℹ️ # Last valid index: 2025-07-01 00:00:00
2026-04-16 17:35:38 - INFO - model_selection - ℹ️ # Total observations (periods): 235
2026-04-16 17:35:38 - INFO - model_selection - ℹ️ [Indep_V99] Fold 1/2
2026-04-16 17:35:38 - INFO - model_selection - ℹ️ [Indep_V99] Train period:   2006-01-01 -> 2023-07-01
2026-04-16 17:35:38 - INFO - model_selection - ℹ️ [Indep_V99] Holdout period: 2023-08-01 -> 2024-07-01
2026-04-16 17:35:58 - INFO - model_selection - ℹ️ [Indep_V99] Fold 2/2
2026-04-16 17:35:58 - INFO - model_selection - ℹ️ [Indep_V99] Train period:   2006-01-01 -> 2024-07-01
2026-04-16 17:35:58 - INFO - model_selection - ℹ️ [Indep_V99] Holdout period: 2024-08-01 -> 2025-07-01
2026-04-16 17:36:18 - INFO - model_selection - ℹ️ --------------------------------------------------------------------------------
2026-04-16 17:36:18 - INFO - model_selection - ℹ️ # Independent Variable: Indep_V39
2026-04-16 17:36:18 - INFO - model_selection - ℹ️ # First valid index: 2016-02-01 00:00:00
2026-04-16 17:36:18 - INFO - model_selection - ℹ️ # Last valid index: 2025-07-01 00:00:00
2026-04-16 17:36:18 - INFO - model_selection - ℹ️ # Total observations (periods): 114
2026-04-16 17:36:18 - INFO - model_selection - ℹ️ [Indep_V39] Fold 1/2
2026-04-16 17:36:18 - INFO - model_selection - ℹ️ [Indep_V39] Train period:   2016-02-01 -> 2023-07-01
2026-04-16 17:36:18 - INFO - model_selection - ℹ️ [Indep_V39] Holdout period: 2023-08-01 -> 2024-07-01
2026-04-16 17:36:20 - INFO - model_selection - ℹ️ [Indep_V39] Fold 2/2
2026-04-16 17:36:20 - INFO - model_selection - ℹ️ [Indep_V39] Train period:   2016-02-01 -> 2024-07-01
2026-04-16 17:36:20 - INFO - model_selection - ℹ️ [Indep_V39] Holdout period: 2024-08-01 -> 2025-07-01
2026-04-16 17:36:21 - INFO - model_selection - ℹ️ --------------------------------------------------------------------------------
2026-04-16 17:36:21 - INFO - model_selection - ℹ️ # Independent Variable: Indep_V26
2026-04-16 17:36:21 - INFO - model_selection - ℹ️ # First valid index: 2016-02-01 00:00:00
2026-04-16 17:36:21 - INFO - model_selection - ℹ️ # Last valid index: 2025-07-01 00:00:00
2026-04-16 17:36:21 - INFO - model_selection - ℹ️ # Total observations (periods): 114
2026-04-16 17:36:21 - INFO - model_selection - ℹ️ [Indep_V26] Fold 1/2
2026-04-16 17:36:21 - INFO - model_selection - ℹ️ [Indep_V26] Train period:   2016-02-01 -> 2023-07-01
2026-04-16 17:36:21 - INFO - model_selection - ℹ️ [Indep_V26] Holdout period: 2023-08-01 -> 2024-07-01
2026-04-16 17:36:24 - INFO - model_selection - ℹ️ [Indep_V26] Fold 2/2
2026-04-16 17:36:24 - INFO - model_selection - ℹ️ [Indep_V26] Train period:   2016-02-01 -> 2024-07-01
2026-04-16 17:36:24 - INFO - model_selection - ℹ️ [Indep_V26] Holdout period: 2024-08-01 -> 2025-07-01
2026-04-16 17:36:29 - INFO - model_selection - ℹ️ [Sample Series] Exogenous ensemble weights saved to output\output_model_selection\Indep_Ensemble_Weights.csv
2026-04-16 17:36:29 - INFO - model_selection - ℹ️ [Sample Series] Date range: 2016-01-01 to 2025-08-01
2026-04-16 17:36:29 - INFO - model_selection - ℹ️ [Sample Series] Exogenous columns: ['Indep_V1', 'Indep_V2', 'Indep_V26', 'Indep_V35', 'Indep_V39', 'Indep_V40', 'Indep_V57', 'Indep_V94', 'Indep_V96', 'Indep_V99', 'Indep_V101', 'Indep_V108', 'Indep_V119']
2026-04-16 17:36:29 - INFO - model_selection - ℹ️ [Sample Series] Enabled target models → Multivariate: LGBM=True, ElasticNet=True, CatBoost=True, XGBoost=True, SARIMAX=True, LASSO=True, RF=True, ANN=True, SVR=True | Econometric: TWFE=True, sysGMM=True, MG=True, AMG=True, CCEMG=True, DCCEMG=True | Univariate-Stat: HoltWinters=True, Theta=True | Univariate-Neural: NHITS=True, NBEATS=True, TFT=True
2026-04-16 17:36:29 - INFO - model_selection - ℹ️ [Sample Series] Using 2 rolling holdout window(s), each of length 12 M-periods.
2026-04-16 17:36:29 - INFO - model_selection - ℹ️ --------------------------------------------------------------------------------
2026-04-16 17:36:29 - INFO - model_selection - ℹ️ [Sample Series] Fold 1/2
2026-04-16 17:36:29 - INFO - model_selection - ℹ️ [Sample Series] Train period:   2016-01-01 -> 2023-08-01
2026-04-16 17:36:29 - INFO - model_selection - ℹ️ [Sample Series] Holdout period: 2023-09-01 -> 2024-08-01
2026-04-16 17:36:29 - INFO - model_selection - ℹ️ [Sample Series][Fold 1] Forecasting holdout for independent variable: Indep_V1
2026-04-16 17:36:34 - INFO - model_selection - ℹ️ [Sample Series][Fold 1] Forecasting holdout for independent variable: Indep_V2
2026-04-16 17:36:44 - INFO - model_selection - ℹ️ [Sample Series][Fold 1] Forecasting holdout for independent variable: Indep_V26
2026-04-16 17:36:48 - INFO - model_selection - ℹ️ [Sample Series][Fold 1] Forecasting holdout for independent variable: Indep_V35
2026-04-16 17:36:58 - INFO - model_selection - ℹ️ [Sample Series][Fold 1] Forecasting holdout for independent variable: Indep_V39
2026-04-16 17:36:59 - INFO - model_selection - ℹ️ [Sample Series][Fold 1] Forecasting holdout for independent variable: Indep_V40
2026-04-16 17:37:09 - INFO - model_selection - ℹ️ [Sample Series][Fold 1] Forecasting holdout for independent variable: Indep_V57
2026-04-16 17:37:11 - INFO - model_selection - ℹ️ [Sample Series][Fold 1] Forecasting holdout for independent variable: Indep_V94
2026-04-16 17:37:16 - INFO - model_selection - ℹ️ [Sample Series][Fold 1] Forecasting holdout for independent variable: Indep_V96
2026-04-16 17:37:25 - INFO - model_selection - ℹ️ [Sample Series][Fold 1] Forecasting holdout for independent variable: Indep_V99
2026-04-16 17:37:32 - INFO - model_selection - ℹ️ [Sample Series][Fold 1] Forecasting holdout for independent variable: Indep_V101
2026-04-16 17:37:35 - INFO - model_selection - ℹ️ [Sample Series][Fold 1] Forecasting holdout for independent variable: Indep_V108
2026-04-16 17:37:39 - INFO - model_selection - ℹ️ [Sample Series][Fold 1] Forecasting holdout for independent variable: Indep_V119
2026-04-16 17:37:48 - INFO - model_selection - ℹ️ [Sample Series][Fold 1] Exogenous holdout forecasts prepared.
2026-04-16 17:37:48 - INFO - model_selection - ℹ️ [Sample Series][Fold 1] Target training samples: 80, features: 33
2026-04-16 17:37:48 - INFO - model_selection - ℹ️ [Sample Series][Fold 1] Training LGBM model (log-target)...
2026-04-16 17:37:48 - INFO - model_selection - ℹ️ [Sample Series][Fold 1] LGBM HOLDOUT -> MAE: 8.2904, RMSE: 9.7010, MAPE: 0.1010 (10.10%)
2026-04-16 17:37:48 - INFO - model_selection - ℹ️ [Sample Series][Fold 1] Training ElasticNet model (log-target)...
2026-04-16 17:37:48 - INFO - model_selection - ℹ️ [Sample Series][Fold 1] ElasticNet HOLDOUT -> MAE: 5.3150, RMSE: 6.5689, MAPE: 0.0617 (6.17%)
2026-04-16 17:37:48 - INFO - model_selection - ℹ️ [Sample Series][Fold 1] Training CatBoostRegressor (log-target)...
2026-04-16 17:37:49 - INFO - model_selection - ℹ️ [Sample Series][Fold 1] CatBoost HOLDOUT -> MAE: 4.4462, RMSE: 5.6802, MAPE: 0.0508 (5.08%)
2026-04-16 17:37:49 - INFO - model_selection - ℹ️ [Sample Series][Fold 1] Training XGBRegressor (log-target)...
2026-04-16 17:37:49 - INFO - model_selection - ℹ️ [Sample Series][Fold 1] XGBoost HOLDOUT -> MAE: 6.1750, RMSE: 7.3307, MAPE: 0.0743 (7.43%)
2026-04-16 17:37:49 - INFO - model_selection - ℹ️ [Sample Series][Fold 1] Training SARIMAX model (log-target, with independent variables)...
2026-04-16 17:37:53 - INFO - model_selection - ℹ️ [Sample Series][Fold 1] SARIMAX HOLDOUT -> MAE: 6.2323, RMSE: 6.7586, MAPE: 0.0749 (7.49%)
2026-04-16 17:37:53 - INFO - model_selection - ℹ️ [Sample Series][Fold 1] Training Holt-Winters (ExponentialSmoothing) on target_log...
2026-04-16 17:37:53 - INFO - model_selection - ℹ️ [Sample Series][Fold 1] Holt-Winters HOLDOUT -> MAE: 10.1475, RMSE: 11.6488, MAPE: 0.1229 (12.29%)
2026-04-16 17:37:53 - INFO - model_selection - ℹ️ [Sample Series][Fold 1] Training Theta model on target_log...
2026-04-16 17:37:53 - INFO - model_selection - ℹ️ [Sample Series][Fold 1] Theta HOLDOUT -> MAE: 5.8186, RMSE: 6.3147, MAPE: 0.0700 (7.00%)
2026-04-16 17:37:53 - INFO - model_selection - ℹ️ [Sample Series][Fold 1] Training NHITS model (log-target, univariate)...
2026-04-16 17:38:15 - INFO - model_selection - ℹ️ [Sample Series][Fold 1] NHITS HOLDOUT -> MAE: 21.8127, RMSE: 24.9640, MAPE: 0.2595 (25.95%)
2026-04-16 17:38:15 - INFO - model_selection - ℹ️ [Sample Series][Fold 1] Training NBEATS model (log-target, univariate)...
2026-04-16 17:38:37 - INFO - model_selection - ℹ️ [Sample Series][Fold 1] NBEATS HOLDOUT -> MAE: 29.8453, RMSE: 34.5438, MAPE: 0.3575 (35.75%)
2026-04-16 17:38:37 - INFO - model_selection - ℹ️ [Sample Series][Fold 1] Training TFT model (log-target, univariate)...
2026-04-16 17:39:49 - INFO - model_selection - ℹ️ [Sample Series][Fold 1] TFT HOLDOUT -> MAE: 3.8325, RMSE: 4.5870, MAPE: 0.0450 (4.50%)
2026-04-16 17:39:49 - INFO - model_selection - ℹ️ [Sample Series][Fold 1] Training LASSO model (log-target)...
2026-04-16 17:39:49 - INFO - model_selection - ℹ️ [Sample Series][Fold 1] LASSO HOLDOUT -> MAE: 4.4632, RMSE: 6.1070, MAPE: 0.0510 (5.10%)
2026-04-16 17:39:49 - INFO - model_selection - ℹ️ [Sample Series][Fold 1] Training Random Forest model (log-target)...
2026-04-16 17:39:50 - INFO - model_selection - ℹ️ [Sample Series][Fold 1] RF HOLDOUT -> MAE: 7.1777, RMSE: 7.8645, MAPE: 0.0869 (8.69%)
2026-04-16 17:39:50 - INFO - model_selection - ℹ️ [Sample Series][Fold 1] Training ANN (MLPRegressor) model (log-target)...
2026-04-16 17:39:51 - INFO - model_selection - ℹ️ [Sample Series][Fold 1] ANN HOLDOUT -> MAE: 36.0642, RMSE: 42.2767, MAPE: 0.4325 (43.25%)
2026-04-16 17:39:51 - INFO - model_selection - ℹ️ [Sample Series][Fold 1] Training SVR model (log-target)...
2026-04-16 17:39:51 - INFO - model_selection - ℹ️ [Sample Series][Fold 1] SVR HOLDOUT -> MAE: 3.1817, RMSE: 3.9276, MAPE: 0.0369 (3.69%)
2026-04-16 17:39:51 - INFO - model_selection - ℹ️ [Sample Series][Fold 1] Training TWFE model (log-target)...
2026-04-16 17:39:51 - INFO - model_selection - ℹ️ [Sample Series][Fold 1] TWFE HOLDOUT -> MAE: 33.6504, RMSE: 38.7133, MAPE: 0.4026 (40.26%)
2026-04-16 17:39:51 - INFO - model_selection - ℹ️ [Sample Series][Fold 1] Training sysGMM (2SLS) model (log-target)...
2026-04-16 17:39:51 - INFO - model_selection - ℹ️ [Sample Series][Fold 1] sysGMM HOLDOUT -> MAE: 6.9992, RMSE: 7.9946, MAPE: 0.0827 (8.27%)
2026-04-16 17:39:51 - INFO - model_selection - ℹ️ [Sample Series][Fold 1] Training MG (Mean Group) model (log-target)...
2026-04-16 17:39:51 - INFO - model_selection - ℹ️ [Sample Series][Fold 1] MG HOLDOUT -> MAE: 34.6161, RMSE: 35.1676, MAPE: 0.4096 (40.96%)
2026-04-16 17:39:51 - INFO - model_selection - ℹ️ [Sample Series][Fold 1] Training AMG (Augmented Mean Group) model (log-target)...
2026-04-16 17:39:51 - INFO - model_selection - ℹ️ [Sample Series][Fold 1] AMG HOLDOUT -> MAE: 30.3074, RMSE: 31.0050, MAPE: 0.3584 (35.84%)
2026-04-16 17:39:51 - INFO - model_selection - ℹ️ [Sample Series][Fold 1] Training CCEMG model (log-target)...
2026-04-16 17:39:51 - INFO - model_selection - ℹ️ [Sample Series][Fold 1] CCEMG HOLDOUT -> MAE: 6.9992, RMSE: 7.9946, MAPE: 0.0827 (8.27%)
2026-04-16 17:39:51 - INFO - model_selection - ℹ️ [Sample Series][Fold 1] Training DCCEMG model (log-target)...
2026-04-16 17:39:51 - INFO - model_selection - ℹ️ [Sample Series][Fold 1] DCCEMG HOLDOUT -> MAE: 6.6949, RMSE: 7.7100, MAPE: 0.0789 (7.89%)
2026-04-16 17:39:51 - INFO - model_selection - ℹ️ --------------------------------------------------------------------------------
2026-04-16 17:39:51 - INFO - model_selection - ℹ️ [Sample Series] Fold 2/2
2026-04-16 17:39:51 - INFO - model_selection - ℹ️ [Sample Series] Train period:   2016-01-01 -> 2024-08-01
2026-04-16 17:39:51 - INFO - model_selection - ℹ️ [Sample Series] Holdout period: 2024-09-01 -> 2025-08-01
2026-04-16 17:39:51 - INFO - model_selection - ℹ️ [Sample Series][Fold 2] Forecasting holdout for independent variable: Indep_V1
2026-04-16 17:39:53 - INFO - model_selection - ℹ️ [Sample Series][Fold 2] Forecasting holdout for independent variable: Indep_V2
2026-04-16 17:39:56 - INFO - model_selection - ℹ️ [Sample Series][Fold 2] Forecasting holdout for independent variable: Indep_V26
2026-04-16 17:40:01 - INFO - model_selection - ℹ️ [Sample Series][Fold 2] Forecasting holdout for independent variable: Indep_V35
2026-04-16 17:40:11 - INFO - model_selection - ℹ️ [Sample Series][Fold 2] Forecasting holdout for independent variable: Indep_V39
2026-04-16 17:40:13 - INFO - model_selection - ℹ️ [Sample Series][Fold 2] Forecasting holdout for independent variable: Indep_V40
2026-04-16 17:40:23 - INFO - model_selection - ℹ️ [Sample Series][Fold 2] Forecasting holdout for independent variable: Indep_V57
2026-04-16 17:40:25 - INFO - model_selection - ℹ️ [Sample Series][Fold 2] Forecasting holdout for independent variable: Indep_V94
2026-04-16 17:40:30 - INFO - model_selection - ℹ️ [Sample Series][Fold 2] Forecasting holdout for independent variable: Indep_V96
2026-04-16 17:40:33 - INFO - model_selection - ℹ️ [Sample Series][Fold 2] Forecasting holdout for independent variable: Indep_V99
2026-04-16 17:40:51 - INFO - model_selection - ℹ️ [Sample Series][Fold 2] Forecasting holdout for independent variable: Indep_V101
2026-04-16 17:40:54 - INFO - model_selection - ℹ️ [Sample Series][Fold 2] Forecasting holdout for independent variable: Indep_V108
2026-04-16 17:40:57 - INFO - model_selection - ℹ️ [Sample Series][Fold 2] Forecasting holdout for independent variable: Indep_V119
2026-04-16 17:41:22 - INFO - model_selection - ℹ️ [Sample Series][Fold 2] Exogenous holdout forecasts prepared.
2026-04-16 17:41:22 - INFO - model_selection - ℹ️ [Sample Series][Fold 2] Target training samples: 92, features: 33
2026-04-16 17:41:22 - INFO - model_selection - ℹ️ [Sample Series][Fold 2] Training LGBM model (log-target)...
2026-04-16 17:41:22 - INFO - model_selection - ℹ️ [Sample Series][Fold 2] LGBM HOLDOUT -> MAE: 9.1833, RMSE: 10.6321, MAPE: 0.1310 (13.10%)
2026-04-16 17:41:22 - INFO - model_selection - ℹ️ [Sample Series][Fold 2] Training ElasticNet model (log-target)...
2026-04-16 17:41:23 - INFO - model_selection - ℹ️ [Sample Series][Fold 2] ElasticNet HOLDOUT -> MAE: 4.9744, RMSE: 6.2818, MAPE: 0.0715 (7.15%)
2026-04-16 17:41:23 - INFO - model_selection - ℹ️ [Sample Series][Fold 2] Training CatBoostRegressor (log-target)...
2026-04-16 17:41:23 - INFO - model_selection - ℹ️ [Sample Series][Fold 2] CatBoost HOLDOUT -> MAE: 10.4915, RMSE: 11.2727, MAPE: 0.1483 (14.83%)
2026-04-16 17:41:23 - INFO - model_selection - ℹ️ [Sample Series][Fold 2] Training XGBRegressor (log-target)...
2026-04-16 17:41:23 - INFO - model_selection - ℹ️ [Sample Series][Fold 2] XGBoost HOLDOUT -> MAE: 9.3318, RMSE: 10.1241, MAPE: 0.1321 (13.21%)
2026-04-16 17:41:23 - INFO - model_selection - ℹ️ [Sample Series][Fold 2] Training SARIMAX model (log-target, with independent variables)...
2026-04-16 17:41:24 - INFO - model_selection - ℹ️ [Sample Series][Fold 2] SARIMAX HOLDOUT -> MAE: 11.5303, RMSE: 12.2197, MAPE: 0.1627 (16.27%)
2026-04-16 17:41:24 - INFO - model_selection - ℹ️ [Sample Series][Fold 2] Training Holt-Winters (ExponentialSmoothing) on target_log...
2026-04-16 17:41:24 - INFO - model_selection - ℹ️ [Sample Series][Fold 2] Holt-Winters HOLDOUT -> MAE: 13.2734, RMSE: 14.6644, MAPE: 0.1879 (18.79%)
2026-04-16 17:41:24 - INFO - model_selection - ℹ️ [Sample Series][Fold 2] Training Theta model on target_log...
2026-04-16 17:41:24 - INFO - model_selection - ℹ️ [Sample Series][Fold 2] Theta HOLDOUT -> MAE: 9.5926, RMSE: 10.6598, MAPE: 0.1364 (13.64%)
2026-04-16 17:41:24 - INFO - model_selection - ℹ️ [Sample Series][Fold 2] Training NHITS model (log-target, univariate)...
2026-04-16 17:41:46 - INFO - model_selection - ℹ️ [Sample Series][Fold 2] NHITS HOLDOUT -> MAE: 8.8223, RMSE: 10.4487, MAPE: 0.1259 (12.59%)
2026-04-16 17:41:46 - INFO - model_selection - ℹ️ [Sample Series][Fold 2] Training NBEATS model (log-target, univariate)...
2026-04-16 17:42:08 - INFO - model_selection - ℹ️ [Sample Series][Fold 2] NBEATS HOLDOUT -> MAE: 8.2855, RMSE: 9.5975, MAPE: 0.1153 (11.53%)
2026-04-16 17:42:08 - INFO - model_selection - ℹ️ [Sample Series][Fold 2] Training TFT model (log-target, univariate)...
2026-04-16 17:43:22 - INFO - model_selection - ℹ️ [Sample Series][Fold 2] TFT HOLDOUT -> MAE: 10.0562, RMSE: 10.8144, MAPE: 0.1423 (14.23%)
2026-04-16 17:43:22 - INFO - model_selection - ℹ️ [Sample Series][Fold 2] Training LASSO model (log-target)...
2026-04-16 17:43:22 - INFO - model_selection - ℹ️ [Sample Series][Fold 2] LASSO HOLDOUT -> MAE: 4.9591, RMSE: 6.2678, MAPE: 0.0713 (7.13%)
2026-04-16 17:43:22 - INFO - model_selection - ℹ️ [Sample Series][Fold 2] Training Random Forest model (log-target)...
2026-04-16 17:43:23 - INFO - model_selection - ℹ️ [Sample Series][Fold 2] RF HOLDOUT -> MAE: 16.3492, RMSE: 17.6386, MAPE: 0.2311 (23.11%)
2026-04-16 17:43:23 - INFO - model_selection - ℹ️ [Sample Series][Fold 2] Training ANN (MLPRegressor) model (log-target)...
2026-04-16 17:43:23 - ERROR - model_selection - ❌ Model selection failed for series: Input contains infinity or a value too large for dtype('float64').
Traceback (most recent call last):
  File "C:\Users\ASUS\Desktop\forecasting_generic_utility\forecasting_generic_utility\step_2_model_selection.py", line 287, in main
    run_model_selection_pipeline(
  File "C:\Users\ASUS\Desktop\forecasting_generic_utility\forecasting_generic_utility\step_2_model_selection.py", line 169, in run_model_selection_pipeline
    execute_model_selection(
  File "C:\Users\ASUS\Desktop\forecasting_generic_utility\forecasting_generic_utility\utils\utils_model_selection.py", line 896, in execute_model_selection
    fc_ann, mt_ann = run_recursive_multivariate_log_model(
                     ^^^^^^^^^^^^^^^^^^^^^^^^^^^^^^^^^^^^^
  File "C:\Users\ASUS\Desktop\forecasting_generic_utility\forecasting_generic_utility\utils\utils_dep_model_helpers.py", line 798, in run_recursive_multivariate_log_model
    return forecast, evaluate_regression_forecast(df_holdout["target"], forecast)
                     ^^^^^^^^^^^^^^^^^^^^^^^^^^^^^^^^^^^^^^^^^^^^^^^^^^^^^^^^^^^^
  File "C:\Users\ASUS\Desktop\forecasting_generic_utility\forecasting_generic_utility\utils\utils_dep_model_helpers.py", line 947, in evaluate_regression_forecast
    mae = mean_absolute_error(actual, forecast)
          ^^^^^^^^^^^^^^^^^^^^^^^^^^^^^^^^^^^^^
  File "C:\Users\ASUS\Desktop\forecasting_generic_utility\forecasting_generic_utility\venv\Lib\site-packages\sklearn\utils\_param_validation.py", line 214, in wrapper
    return func(*args, **kwargs)
           ^^^^^^^^^^^^^^^^^^^^^
  File "C:\Users\ASUS\Desktop\forecasting_generic_utility\forecasting_generic_utility\venv\Lib\site-packages\sklearn\metrics\_regression.py", line 204, in mean_absolute_error
    y_type, y_true, y_pred, multioutput = _check_reg_targets(
                                          ^^^^^^^^^^^^^^^^^^^
  File "C:\Users\ASUS\Desktop\forecasting_generic_utility\forecasting_generic_utility\venv\Lib\site-packages\sklearn\metrics\_regression.py", line 101, in _check_reg_targets
    y_pred = check_array(y_pred, ensure_2d=False, dtype=dtype)
             ^^^^^^^^^^^^^^^^^^^^^^^^^^^^^^^^^^^^^^^^^^^^^^^^^
  File "C:\Users\ASUS\Desktop\forecasting_generic_utility\forecasting_generic_utility\venv\Lib\site-packages\sklearn\utils\validation.py", line 957, in check_array
    _assert_all_finite(
  File "C:\Users\ASUS\Desktop\forecasting_generic_utility\forecasting_generic_utility\venv\Lib\site-packages\sklearn\utils\validation.py", line 122, in _assert_all_finite
    _assert_all_finite_element_wise(
  File "C:\Users\ASUS\Desktop\forecasting_generic_utility\forecasting_generic_utility\venv\Lib\site-packages\sklearn\utils\validation.py", line 171, in _assert_all_finite_element_wise
    raise ValueError(msg_err)
ValueError: Input contains infinity or a value too large for dtype('float64').
2026-04-16 17:43:23 - INFO - model_selection - ℹ️ Deleted training logs folder completely: catboost_info
2026-04-16 17:43:23 - INFO - model_selection - ℹ️ Deleted training logs folder completely: lightning_logs
2026-04-16 17:43:23 - INFO - model_selection - ℹ️ ===== Model Selection Completed in 616.19 sec (success=0) =====
